<?xml version="1.0" encoding="UTF-8"?>
<!-- Generated by org.testng.reporters.JUnitXMLReporter -->
<testsuite ignored="0" hostname="DESKTOP-VG9MAAH" failures="0" tests="3" name="Default test" time="56.018" errors="0" timestamp="2023-07-21T22:06:36 IST">
  <testcase classname="test.LoginTest" name="verifylogin" time="6.928"/>
  <testcase classname="test.ProductTest" name="verifyproduct" time="6.206"/>
  <testcase classname="test.CartTest" name="verifycart" time="33.847"/>
</testsuite> <!-- Default test -->
