<?xml version="1.0" encoding="UTF-8"?>
<!-- Generated by org.testng.reporters.JUnitXMLReporter -->
<testsuite ignored="0" hostname="DESKTOP-VG9MAAH" failures="0" tests="4" name="Test" time="68.981" errors="0" timestamp="2023-07-24T15:29:14 IST">
  <testcase classname="test.CreateTest" name="verifycreate" time="12.621"/>
  <testcase classname="test.LoginTest" name="verifylogin" time="10.769"/>
  <testcase classname="test.ProductTest" name="verifyproduct" time="8.804"/>
  <testcase classname="test.CartTest" name="verifycart" time="28.79"/>
</testsuite> <!-- Test -->
