<?xml version="1.0" encoding="UTF-8"?>
<testng-results ignored="0" total="4" passed="4" failed="0" skipped="0">
  <reporter-output>
  </reporter-output>
  <suite started-at="2023-07-24T15:28:05 IST" name="Suite" finished-at="2023-07-24T15:29:14 IST" duration-ms="68981">
    <groups>
    </groups>
    <test started-at="2023-07-24T15:28:05 IST" name="Test" finished-at="2023-07-24T15:29:14 IST" duration-ms="68981">
      <class name="test.CreateTest">
        <test-method is-config="true" signature="setup()[pri:0, instance:test.CreateTest@5ddeb7cb]" started-at="2023-07-24T15:28:05 IST" name="setup" finished-at="2023-07-24T15:28:09 IST" duration-ms="4256" status="PASS">
          <reporter-output>
          </reporter-output>
        </test-method> <!-- setup -->
        <test-method signature="verifycreate()[pri:0, instance:test.CreateTest@5ddeb7cb]" started-at="2023-07-24T15:28:09 IST" name="verifycreate" finished-at="2023-07-24T15:28:21 IST" duration-ms="12621" status="PASS">
          <reporter-output>
          </reporter-output>
        </test-method> <!-- verifycreate -->
      </class> <!-- test.CreateTest -->
      <class name="test.CartTest">
        <test-method is-config="true" signature="setup()[pri:0, instance:test.CartTest@303cf2ba]" started-at="2023-07-24T15:28:21 IST" name="setup" finished-at="2023-07-24T15:28:25 IST" duration-ms="3673" status="PASS">
          <reporter-output>
          </reporter-output>
        </test-method> <!-- setup -->
        <test-method signature="verifylogin()[pri:0, instance:test.CartTest@303cf2ba]" started-at="2023-07-24T15:28:25 IST" name="verifylogin" finished-at="2023-07-24T15:28:36 IST" duration-ms="10769" status="PASS">
          <reporter-output>
          </reporter-output>
        </test-method> <!-- verifylogin -->
        <test-method signature="verifyproduct()[pri:2, instance:test.CartTest@303cf2ba]" started-at="2023-07-24T15:28:36 IST" name="verifyproduct" finished-at="2023-07-24T15:28:45 IST" duration-ms="8804" status="PASS">
          <reporter-output>
          </reporter-output>
        </test-method> <!-- verifyproduct -->
        <test-method signature="verifycart()[pri:3, instance:test.CartTest@303cf2ba]" started-at="2023-07-24T15:28:45 IST" name="verifycart" finished-at="2023-07-24T15:29:14 IST" duration-ms="28790" status="PASS">
          <reporter-output>
          </reporter-output>
        </test-method> <!-- verifycart -->
      </class> <!-- test.CartTest -->
    </test> <!-- Test -->
  </suite> <!-- Suite -->
</testng-results>
